[{"line":1,"elements":[{"start_timestamp":"2023-12-10T09:54:31.656Z","before":[{"result":{"duration":12378384700,"status":"passed"},"match":{"location":"base1.Hooks.setup()"}}],"line":19,"name":": Verify sucesful login when username and password is correct","description":"","id":"login-functionality;:-verify-sucesful-login-when-username-and-password-is-correct;;2","after":[{"result":{"duration":934423900,"status":"passed"},"match":{"location":"base1.Hooks.tearDown(io.cucumber.java.Scenario)"}}],"type":"scenario","keyword":"Scenario Outline","steps":[{"result":{"duration":1568035800,"status":"passed"},"line":13,"name":"User enter correct \"Test\" and \"Automation\"","match":{"arguments":[{"val":"\"Test\"","offset":19},{"val":"\"Automation\"","offset":30}],"location":"stepDefination1.LoginPageSteps1.user_enter_correct_and(java.lang.String,java.lang.String)"},"keyword":"When "},{"result":{"duration":371770900,"status":"passed"},"line":14,"name":"user click on login button","match":{"location":"stepDefination1.LoginPageSteps1.user_click_on_login_button()"},"keyword":"And "},{"result":{"error_message":"org.openqa.selenium.NoSuchElementException: no such element: Unable to locate element: {\"method\":\"xpath\",\"selector\":\"//span[@class='title']\"}\n  (Session info: chrome=119.0.6045.200)\nFor documentation on this error, please visit: https://www.selenium.dev/documentation/webdriver/troubleshooting/errors#no-such-element-exception\nBuild info: version: '4.12.1', revision: '8e34639b11'\nSystem info: os.name: 'Windows 10', os.arch: 'amd64', os.version: '10.0', java.version: '17.0.8'\nDriver info: org.openqa.selenium.chrome.ChromeDriver\nCommand: [f8a174c30bbebb1e942f2995059b9058, findElement {using=xpath, value=//span[@class='title']}]\nCapabilities {acceptInsecureCerts: false, browserName: chrome, browserVersion: 119.0.6045.200, chrome: {chromedriverVersion: 119.0.6045.105 (38c72552c5e..., userDataDir: C:\\Users\\DHOOM\\AppData\\Loca...}, fedcm:accounts: true, goog:chromeOptions: {debuggerAddress: localhost:56395}, networkConnectionEnabled: false, pageLoadStrategy: normal, platformName: windows, proxy: Proxy(), se:cdp: ws://localhost:56395/devtoo..., se:cdpVersion: 119.0.6045.200, setWindowRect: true, strictFileInteractability: false, timeouts: {implicit: 0, pageLoad: 300000, script: 30000}, unhandledPromptBehavior: dismiss and notify, webauthn:extension:credBlob: true, webauthn:extension:largeBlob: true, webauthn:extension:minPinLength: true, webauthn:extension:prf: true, webauthn:virtualAuthenticators: true}\nSession ID: f8a174c30bbebb1e942f2995059b9058\r\n\tat java.base/jdk.internal.reflect.NativeConstructorAccessorImpl.newInstance0(Native Method)\r\n\tat java.base/jdk.internal.reflect.NativeConstructorAccessorImpl.newInstance(NativeConstructorAccessorImpl.java:77)\r\n\tat java.base/jdk.internal.reflect.DelegatingConstructorAccessorImpl.newInstance(DelegatingConstructorAccessorImpl.java:45)\r\n\tat java.base/java.lang.reflect.Constructor.newInstanceWithCaller(Constructor.java:499)\r\n\tat java.base/java.lang.reflect.Constructor.newInstance(Constructor.java:480)\r\n\tat org.openqa.selenium.remote.codec.w3c.W3CHttpResponseCodec.createException(W3CHttpResponseCodec.java:200)\r\n\tat org.openqa.selenium.remote.codec.w3c.W3CHttpResponseCodec.decode(W3CHttpResponseCodec.java:133)\r\n\tat org.openqa.selenium.remote.codec.w3c.W3CHttpResponseCodec.decode(W3CHttpResponseCodec.java:52)\r\n\tat org.openqa.selenium.remote.HttpCommandExecutor.execute(HttpCommandExecutor.java:191)\r\n\tat org.openqa.selenium.remote.service.DriverCommandExecutor.invokeExecute(DriverCommandExecutor.java:196)\r\n\tat org.openqa.selenium.remote.service.DriverCommandExecutor.execute(DriverCommandExecutor.java:171)\r\n\tat org.openqa.selenium.remote.RemoteWebDriver.execute(RemoteWebDriver.java:602)\r\n\tat org.openqa.selenium.remote.ElementLocation$ElementFinder$2.findElement(ElementLocation.java:165)\r\n\tat org.openqa.selenium.remote.ElementLocation.findElement(ElementLocation.java:59)\r\n\tat org.openqa.selenium.remote.RemoteWebDriver.findElement(RemoteWebDriver.java:359)\r\n\tat org.openqa.selenium.remote.RemoteWebDriver.findElement(RemoteWebDriver.java:353)\r\n\tat stepDefination1.LoginPageSteps1.validate_user_navigate_to_home_page(LoginPageSteps1.java:65)\r\n\tat ✽.Validate user navigate to home page(file:///D:/TestAutomation/com.Bat1/src/test/java/features1/login.feature:15)\r\n","duration":10095788400,"status":"failed"},"line":15,"name":"Validate user navigate to home page","match":{"location":"stepDefination1.LoginPageSteps1.validate_user_navigate_to_home_page()"},"keyword":"Then "}],"tags":[{"name":"@smoke"}]},{"start_timestamp":"2023-12-10T09:54:57.135Z","before":[{"result":{"duration":3832642200,"status":"passed"},"match":{"location":"base1.Hooks.setup()"}}],"line":20,"name":": Verify sucesful login when username and password is correct","description":"","id":"login-functionality;:-verify-sucesful-login-when-username-and-password-is-correct;;3","after":[{"result":{"duration":946416800,"status":"passed"},"match":{"location":"base1.Hooks.tearDown(io.cucumber.java.Scenario)"}}],"type":"scenario","keyword":"Scenario Outline","steps":[{"result":{"duration":652598800,"status":"passed"},"line":13,"name":"User enter correct \"Test1\" and \"Automation1\"","match":{"arguments":[{"val":"\"Test1\"","offset":19},{"val":"\"Automation1\"","offset":31}],"location":"stepDefination1.LoginPageSteps1.user_enter_correct_and(java.lang.String,java.lang.String)"},"keyword":"When "},{"result":{"duration":191881200,"status":"passed"},"line":14,"name":"user click on login button","match":{"location":"stepDefination1.LoginPageSteps1.user_click_on_login_button()"},"keyword":"And "},{"result":{"error_message":"org.openqa.selenium.NoSuchElementException: no such element: Unable to locate element: {\"method\":\"xpath\",\"selector\":\"//span[@class='title']\"}\n  (Session info: chrome=119.0.6045.200)\nFor documentation on this error, please visit: https://www.selenium.dev/documentation/webdriver/troubleshooting/errors#no-such-element-exception\nBuild info: version: '4.12.1', revision: '8e34639b11'\nSystem info: os.name: 'Windows 10', os.arch: 'amd64', os.version: '10.0', java.version: '17.0.8'\nDriver info: org.openqa.selenium.chrome.ChromeDriver\nCommand: [3e303797cc583251eb822ecf388737f8, findElement {using=xpath, value=//span[@class='title']}]\nCapabilities {acceptInsecureCerts: false, browserName: chrome, browserVersion: 119.0.6045.200, chrome: {chromedriverVersion: 119.0.6045.105 (38c72552c5e..., userDataDir: C:\\Users\\DHOOM\\AppData\\Loca...}, fedcm:accounts: true, goog:chromeOptions: {debuggerAddress: localhost:56429}, networkConnectionEnabled: false, pageLoadStrategy: normal, platformName: windows, proxy: Proxy(), se:cdp: ws://localhost:56429/devtoo..., se:cdpVersion: 119.0.6045.200, setWindowRect: true, strictFileInteractability: false, timeouts: {implicit: 0, pageLoad: 300000, script: 30000}, unhandledPromptBehavior: dismiss and notify, webauthn:extension:credBlob: true, webauthn:extension:largeBlob: true, webauthn:extension:minPinLength: true, webauthn:extension:prf: true, webauthn:virtualAuthenticators: true}\nSession ID: 3e303797cc583251eb822ecf388737f8\r\n\tat java.base/jdk.internal.reflect.NativeConstructorAccessorImpl.newInstance0(Native Method)\r\n\tat java.base/jdk.internal.reflect.NativeConstructorAccessorImpl.newInstance(NativeConstructorAccessorImpl.java:77)\r\n\tat java.base/jdk.internal.reflect.DelegatingConstructorAccessorImpl.newInstance(DelegatingConstructorAccessorImpl.java:45)\r\n\tat java.base/java.lang.reflect.Constructor.newInstanceWithCaller(Constructor.java:499)\r\n\tat java.base/java.lang.reflect.Constructor.newInstance(Constructor.java:480)\r\n\tat org.openqa.selenium.remote.codec.w3c.W3CHttpResponseCodec.createException(W3CHttpResponseCodec.java:200)\r\n\tat org.openqa.selenium.remote.codec.w3c.W3CHttpResponseCodec.decode(W3CHttpResponseCodec.java:133)\r\n\tat org.openqa.selenium.remote.codec.w3c.W3CHttpResponseCodec.decode(W3CHttpResponseCodec.java:52)\r\n\tat org.openqa.selenium.remote.HttpCommandExecutor.execute(HttpCommandExecutor.java:191)\r\n\tat org.openqa.selenium.remote.service.DriverCommandExecutor.invokeExecute(DriverCommandExecutor.java:196)\r\n\tat org.openqa.selenium.remote.service.DriverCommandExecutor.execute(DriverCommandExecutor.java:171)\r\n\tat org.openqa.selenium.remote.RemoteWebDriver.execute(RemoteWebDriver.java:602)\r\n\tat org.openqa.selenium.remote.ElementLocation$ElementFinder$2.findElement(ElementLocation.java:165)\r\n\tat org.openqa.selenium.remote.ElementLocation.findElement(ElementLocation.java:59)\r\n\tat org.openqa.selenium.remote.RemoteWebDriver.findElement(RemoteWebDriver.java:359)\r\n\tat org.openqa.selenium.remote.RemoteWebDriver.findElement(RemoteWebDriver.java:353)\r\n\tat stepDefination1.LoginPageSteps1.validate_user_navigate_to_home_page(LoginPageSteps1.java:65)\r\n\tat ✽.Validate user navigate to home page(file:///D:/TestAutomation/com.Bat1/src/test/java/features1/login.feature:15)\r\n","duration":10060809400,"status":"failed"},"line":15,"name":"Validate user navigate to home page","match":{"location":"stepDefination1.LoginPageSteps1.validate_user_navigate_to_home_page()"},"keyword":"Then "}],"tags":[{"name":"@smoke"}]},{"start_timestamp":"2023-12-10T09:55:12.875Z","before":[{"result":{"duration":3861624200,"status":"passed"},"match":{"location":"base1.Hooks.setup()"}}],"line":21,"name":": Verify sucesful login when username and password is correct","description":"","id":"login-functionality;:-verify-sucesful-login-when-username-and-password-is-correct;;4","after":[{"result":{"duration":1272215400,"status":"passed"},"match":{"location":"base1.Hooks.tearDown(io.cucumber.java.Scenario)"}}],"type":"scenario","keyword":"Scenario Outline","steps":[{"result":{"duration":795511000,"status":"passed"},"line":13,"name":"User enter correct \"Test2\" and \"Automation2\"","match":{"arguments":[{"val":"\"Test2\"","offset":19},{"val":"\"Automation2\"","offset":31}],"location":"stepDefination1.LoginPageSteps1.user_enter_correct_and(java.lang.String,java.lang.String)"},"keyword":"When "},{"result":{"duration":182888000,"status":"passed"},"line":14,"name":"user click on login button","match":{"location":"stepDefination1.LoginPageSteps1.user_click_on_login_button()"},"keyword":"And "},{"result":{"error_message":"org.openqa.selenium.NoSuchElementException: no such element: Unable to locate element: {\"method\":\"xpath\",\"selector\":\"//span[@class='title']\"}\n  (Session info: chrome=119.0.6045.200)\nFor documentation on this error, please visit: https://www.selenium.dev/documentation/webdriver/troubleshooting/errors#no-such-element-exception\nBuild info: version: '4.12.1', revision: '8e34639b11'\nSystem info: os.name: 'Windows 10', os.arch: 'amd64', os.version: '10.0', java.version: '17.0.8'\nDriver info: org.openqa.selenium.chrome.ChromeDriver\nCommand: [323f66b21fde94ea83f885500801a4a0, findElement {using=xpath, value=//span[@class='title']}]\nCapabilities {acceptInsecureCerts: false, browserName: chrome, browserVersion: 119.0.6045.200, chrome: {chromedriverVersion: 119.0.6045.105 (38c72552c5e..., userDataDir: C:\\Users\\DHOOM\\AppData\\Loca...}, fedcm:accounts: true, goog:chromeOptions: {debuggerAddress: localhost:56459}, networkConnectionEnabled: false, pageLoadStrategy: normal, platformName: windows, proxy: Proxy(), se:cdp: ws://localhost:56459/devtoo..., se:cdpVersion: 119.0.6045.200, setWindowRect: true, strictFileInteractability: false, timeouts: {implicit: 0, pageLoad: 300000, script: 30000}, unhandledPromptBehavior: dismiss and notify, webauthn:extension:credBlob: true, webauthn:extension:largeBlob: true, webauthn:extension:minPinLength: true, webauthn:extension:prf: true, webauthn:virtualAuthenticators: true}\nSession ID: 323f66b21fde94ea83f885500801a4a0\r\n\tat java.base/jdk.internal.reflect.NativeConstructorAccessorImpl.newInstance0(Native Method)\r\n\tat java.base/jdk.internal.reflect.NativeConstructorAccessorImpl.newInstance(NativeConstructorAccessorImpl.java:77)\r\n\tat java.base/jdk.internal.reflect.DelegatingConstructorAccessorImpl.newInstance(DelegatingConstructorAccessorImpl.java:45)\r\n\tat java.base/java.lang.reflect.Constructor.newInstanceWithCaller(Constructor.java:499)\r\n\tat java.base/java.lang.reflect.Constructor.newInstance(Constructor.java:480)\r\n\tat org.openqa.selenium.remote.codec.w3c.W3CHttpResponseCodec.createException(W3CHttpResponseCodec.java:200)\r\n\tat org.openqa.selenium.remote.codec.w3c.W3CHttpResponseCodec.decode(W3CHttpResponseCodec.java:133)\r\n\tat org.openqa.selenium.remote.codec.w3c.W3CHttpResponseCodec.decode(W3CHttpResponseCodec.java:52)\r\n\tat org.openqa.selenium.remote.HttpCommandExecutor.execute(HttpCommandExecutor.java:191)\r\n\tat org.openqa.selenium.remote.service.DriverCommandExecutor.invokeExecute(DriverCommandExecutor.java:196)\r\n\tat org.openqa.selenium.remote.service.DriverCommandExecutor.execute(DriverCommandExecutor.java:171)\r\n\tat org.openqa.selenium.remote.RemoteWebDriver.execute(RemoteWebDriver.java:602)\r\n\tat org.openqa.selenium.remote.ElementLocation$ElementFinder$2.findElement(ElementLocation.java:165)\r\n\tat org.openqa.selenium.remote.ElementLocation.findElement(ElementLocation.java:59)\r\n\tat org.openqa.selenium.remote.RemoteWebDriver.findElement(RemoteWebDriver.java:359)\r\n\tat org.openqa.selenium.remote.RemoteWebDriver.findElement(RemoteWebDriver.java:353)\r\n\tat stepDefination1.LoginPageSteps1.validate_user_navigate_to_home_page(LoginPageSteps1.java:65)\r\n\tat ✽.Validate user navigate to home page(file:///D:/TestAutomation/com.Bat1/src/test/java/features1/login.feature:15)\r\n","duration":10051816100,"status":"failed"},"line":15,"name":"Validate user navigate to home page","match":{"location":"stepDefination1.LoginPageSteps1.validate_user_navigate_to_home_page()"},"keyword":"Then "}],"tags":[{"name":"@smoke"}]},{"start_timestamp":"2023-12-10T09:55:29.064Z","before":[{"result":{"duration":4351324600,"status":"passed"},"match":{"location":"base1.Hooks.setup()"}}],"line":22,"name":": Verify sucesful login when username and password is correct","description":"","id":"login-functionality;:-verify-sucesful-login-when-username-and-password-is-correct;;5","after":[{"result":{"duration":717558100,"status":"passed"},"match":{"location":"base1.Hooks.tearDown(io.cucumber.java.Scenario)"}}],"type":"scenario","keyword":"Scenario Outline","steps":[{"result":{"duration":663591700,"status":"passed"},"line":13,"name":"User enter correct \"standard_user\" and \"secret_sauce\"","match":{"arguments":[{"val":"\"standard_user\"","offset":19},{"val":"\"secret_sauce\"","offset":39}],"location":"stepDefination1.LoginPageSteps1.user_enter_correct_and(java.lang.String,java.lang.String)"},"keyword":"When "},{"result":{"duration":586640000,"status":"passed"},"line":14,"name":"user click on login button","match":{"location":"stepDefination1.LoginPageSteps1.user_click_on_login_button()"},"keyword":"And "},{"result":{"duration":260836700,"status":"passed"},"line":15,"name":"Validate user navigate to home page","match":{"location":"stepDefination1.LoginPageSteps1.validate_user_navigate_to_home_page()"},"keyword":"Then "}],"tags":[{"name":"@smoke"}]},{"start_timestamp":"2023-12-10T09:55:35.656Z","before":[{"result":{"duration":3870619100,"status":"passed"},"match":{"location":"base1.Hooks.setup()"}}],"line":23,"name":": Verify sucesful login when username and password is correct","description":"","id":"login-functionality;:-verify-sucesful-login-when-username-and-password-is-correct;;6","after":[{"result":{"duration":1222246800,"status":"passed"},"match":{"location":"base1.Hooks.tearDown(io.cucumber.java.Scenario)"}}],"type":"scenario","keyword":"Scenario Outline","steps":[{"result":{"duration":1434116400,"status":"passed"},"line":13,"name":"User enter correct \"locked_out_user\" and \"secret_sauce\"","match":{"arguments":[{"val":"\"locked_out_user\"","offset":19},{"val":"\"secret_sauce\"","offset":41}],"location":"stepDefination1.LoginPageSteps1.user_enter_correct_and(java.lang.String,java.lang.String)"},"keyword":"When "},{"result":{"duration":809501700,"status":"passed"},"line":14,"name":"user click on login button","match":{"location":"stepDefination1.LoginPageSteps1.user_click_on_login_button()"},"keyword":"And "},{"result":{"error_message":"org.openqa.selenium.NoSuchElementException: no such element: Unable to locate element: {\"method\":\"xpath\",\"selector\":\"//span[@class='title']\"}\n  (Session info: chrome=119.0.6045.200)\nFor documentation on this error, please visit: https://www.selenium.dev/documentation/webdriver/troubleshooting/errors#no-such-element-exception\nBuild info: version: '4.12.1', revision: '8e34639b11'\nSystem info: os.name: 'Windows 10', os.arch: 'amd64', os.version: '10.0', java.version: '17.0.8'\nDriver info: org.openqa.selenium.chrome.ChromeDriver\nCommand: [71bc2f77ad90c5c4bb3c174917e569c0, findElement {using=xpath, value=//span[@class='title']}]\nCapabilities {acceptInsecureCerts: false, browserName: chrome, browserVersion: 119.0.6045.200, chrome: {chromedriverVersion: 119.0.6045.105 (38c72552c5e..., userDataDir: C:\\Users\\DHOOM\\AppData\\Loca...}, fedcm:accounts: true, goog:chromeOptions: {debuggerAddress: localhost:56517}, networkConnectionEnabled: false, pageLoadStrategy: normal, platformName: windows, proxy: Proxy(), se:cdp: ws://localhost:56517/devtoo..., se:cdpVersion: 119.0.6045.200, setWindowRect: true, strictFileInteractability: false, timeouts: {implicit: 0, pageLoad: 300000, script: 30000}, unhandledPromptBehavior: dismiss and notify, webauthn:extension:credBlob: true, webauthn:extension:largeBlob: true, webauthn:extension:minPinLength: true, webauthn:extension:prf: true, webauthn:virtualAuthenticators: true}\nSession ID: 71bc2f77ad90c5c4bb3c174917e569c0\r\n\tat java.base/jdk.internal.reflect.NativeConstructorAccessorImpl.newInstance0(Native Method)\r\n\tat java.base/jdk.internal.reflect.NativeConstructorAccessorImpl.newInstance(NativeConstructorAccessorImpl.java:77)\r\n\tat java.base/jdk.internal.reflect.DelegatingConstructorAccessorImpl.newInstance(DelegatingConstructorAccessorImpl.java:45)\r\n\tat java.base/java.lang.reflect.Constructor.newInstanceWithCaller(Constructor.java:499)\r\n\tat java.base/java.lang.reflect.Constructor.newInstance(Constructor.java:480)\r\n\tat org.openqa.selenium.remote.codec.w3c.W3CHttpResponseCodec.createException(W3CHttpResponseCodec.java:200)\r\n\tat org.openqa.selenium.remote.codec.w3c.W3CHttpResponseCodec.decode(W3CHttpResponseCodec.java:133)\r\n\tat org.openqa.selenium.remote.codec.w3c.W3CHttpResponseCodec.decode(W3CHttpResponseCodec.java:52)\r\n\tat org.openqa.selenium.remote.HttpCommandExecutor.execute(HttpCommandExecutor.java:191)\r\n\tat org.openqa.selenium.remote.service.DriverCommandExecutor.invokeExecute(DriverCommandExecutor.java:196)\r\n\tat org.openqa.selenium.remote.service.DriverCommandExecutor.execute(DriverCommandExecutor.java:171)\r\n\tat org.openqa.selenium.remote.RemoteWebDriver.execute(RemoteWebDriver.java:602)\r\n\tat org.openqa.selenium.remote.ElementLocation$ElementFinder$2.findElement(ElementLocation.java:165)\r\n\tat org.openqa.selenium.remote.ElementLocation.findElement(ElementLocation.java:59)\r\n\tat org.openqa.selenium.remote.RemoteWebDriver.findElement(RemoteWebDriver.java:359)\r\n\tat org.openqa.selenium.remote.RemoteWebDriver.findElement(RemoteWebDriver.java:353)\r\n\tat stepDefination1.LoginPageSteps1.validate_user_navigate_to_home_page(LoginPageSteps1.java:65)\r\n\tat ✽.Validate user navigate to home page(file:///D:/TestAutomation/com.Bat1/src/test/java/features1/login.feature:15)\r\n","duration":10052814700,"status":"failed"},"line":15,"name":"Validate user navigate to home page","match":{"location":"stepDefination1.LoginPageSteps1.validate_user_navigate_to_home_page()"},"keyword":"Then "}],"tags":[{"name":"@smoke"}]},{"start_timestamp":"2023-12-10T09:55:53.060Z","before":[{"result":{"duration":3008150600,"status":"passed"},"match":{"location":"base1.Hooks.setup()"}}],"line":24,"name":": Verify sucesful login when username and password is correct","description":"","id":"login-functionality;:-verify-sucesful-login-when-username-and-password-is-correct;;7","after":[{"result":{"duration":1133301000,"status":"passed"},"match":{"location":"base1.Hooks.tearDown(io.cucumber.java.Scenario)"}}],"type":"scenario","keyword":"Scenario Outline","steps":[{"result":{"duration":481703800,"status":"passed"},"line":13,"name":"User enter correct \"problem_user\" and \"secret_sauce\"","match":{"arguments":[{"val":"\"problem_user\"","offset":19},{"val":"\"secret_sauce\"","offset":38}],"location":"stepDefination1.LoginPageSteps1.user_enter_correct_and(java.lang.String,java.lang.String)"},"keyword":"When "},{"result":{"duration":305811700,"status":"passed"},"line":14,"name":"user click on login button","match":{"location":"stepDefination1.LoginPageSteps1.user_click_on_login_button()"},"keyword":"And "},{"result":{"duration":206874000,"status":"passed"},"line":15,"name":"Validate user navigate to home page","match":{"location":"stepDefination1.LoginPageSteps1.validate_user_navigate_to_home_page()"},"keyword":"Then "}],"tags":[{"name":"@smoke"}]},{"start_timestamp":"2023-12-10T09:55:58.211Z","before":[{"result":{"duration":3253997000,"status":"passed"},"match":{"location":"base1.Hooks.setup()"}}],"line":25,"name":": Verify sucesful login when username and password is correct","description":"","id":"login-functionality;:-verify-sucesful-login-when-username-and-password-is-correct;;8","after":[{"result":{"duration":716558200,"status":"passed"},"match":{"location":"base1.Hooks.tearDown(io.cucumber.java.Scenario)"}}],"type":"scenario","keyword":"Scenario Outline","steps":[{"result":{"duration":528674700,"status":"passed"},"line":13,"name":"User enter correct \"performance_glitch_user\" and \"secret_sauce\"","match":{"arguments":[{"val":"\"performance_glitch_user\"","offset":19},{"val":"\"secret_sauce\"","offset":49}],"location":"stepDefination1.LoginPageSteps1.user_enter_correct_and(java.lang.String,java.lang.String)"},"keyword":"When "},{"result":{"duration":5387687500,"status":"passed"},"line":14,"name":"user click on login button","match":{"location":"stepDefination1.LoginPageSteps1.user_click_on_login_button()"},"keyword":"And "},{"result":{"duration":252841900,"status":"passed"},"line":15,"name":"Validate user navigate to home page","match":{"location":"stepDefination1.LoginPageSteps1.validate_user_navigate_to_home_page()"},"keyword":"Then "}],"tags":[{"name":"@smoke"}]}],"name":"login functionality","description":"//@Reg @smoke\n//Scenario: Verify successful login when username and password is correct\n//Given User launch site URL\n//When User enter correct User and password\n//And user click on login button\n//Then Validate user navigate to home page","id":"login-functionality","keyword":"Feature","uri":"file:src/test/java/features1/login.feature","tags":[]}]